  opencv4nodejs.cc
  CustomMatAllocator.cc
  ExternalMemTracking.cc
  core.cc
  coreConstants.cc
  HistAxes.cc
  Mat.cc
  Point.cc
  Vec.cc
  Size.cc
  Rect.cc
  RotatedRect.cc
  TermCriteria.cc
  imgproc.cc
  imgprocConstants.cc
  MatImgproc.cc
  Contour.cc
  Moments.cc
  calib3d.cc
  calib3dConstants.cc
  MatCalib3d.cc
  io.cc
  ioConstants.cc
  VideoCapture.cc
  VideoWriter.cc
  photo.cc
  photoConstants.cc
  MatPhoto.cc
  video.cc
  BackgroundSubtractor.cc
  BackgroundSubtractorMOG2.cc
  BackgroundSubtractorKNN.cc
  ximgproc.cc
  MatXimgproc.cc
  SuperpixelSEEDS.cc
  SuperpixelSLIC.cc
  SuperpixelLSC.cc
  objdetect.cc
  CascadeClassifier.cc
  HOGDescriptor.cc
  DetectionROI.cc
  machinelearning.cc
  machinelearningConstants.cc
  ParamGrid.cc
  StatModel.cc
  SVM.cc
  TrainData.cc
  dnn.cc
  Net.cc
  face.cc
  FaceRecognizer.cc
  EigenFaceRecognizer.cc
  FisherFaceRecognizer.cc
  LBPHFaceRecognizer.cc
  Facemark.cc
  FacemarkAAM.cc
  FacemarkAAMData.cc
  FacemarkAAMParams.cc
  FacemarkLBF.cc
  FacemarkLBFParams.cc
  text.cc
  OCRHMMClassifier.cc
  OCRHMMDecoder.cc
  tracking.cc
  Tracker.cc
  MultiTracker.cc
  TrackerBoosting.cc
  TrackerBoostingParams.cc
  TrackerKCF.cc
  TrackerKCFParams.cc
  TrackerMIL.cc
  TrackerMILParams.cc
  TrackerMedianFlow.cc
  TrackerTLD.cc
  TrackerGOTURN.cc
  TrackerCSRT.cc
  TrackerCSRTParams.cc
  TrackerMOSSE.cc
  features2d.cc
  KeyPoint.cc
  KeyPointMatch.cc
  DescriptorMatch.cc
  BFMatcher.cc
  FeatureDetector.cc
  descriptorMatching.cc
  descriptorMatchingKnn.cc
  AGASTDetector.cc
  AKAZEDetector.cc
  BRISKDetector.cc
  FASTDetector.cc
  GFTTDetector.cc
  KAZEDetector.cc
  MSERDetector.cc
  ORBDetector.cc
  SimpleBlobDetector.cc
  SimpleBlobDetectorParams.cc
  xfeatures2d.cc
  SIFTDetector.cc
  SURFDetector.cc
  win_delay_load_hook.cc
     Creating library C:\Users\Lafi\Documents\opencv\opencv4nodejs-master\build\Debug\opencv4nodejs.lib and object C:\Users\Lafi\Documents\opencv\opencv4nodejs-master\build\Debug\opencv4nodejs.exp
  opencv4nodejs.vcxproj -> C:\Users\Lafi\Documents\opencv\opencv4nodejs-master\build\Debug\\opencv4nodejs.node
